
Unexpected Signal : EXCEPTION_ACCESS_VIOLATION (0xc0000005) occurred at PC=0x7816A595
Function=[Unknown.]
Library=C:\MATLAB701\sys\java\jre\win32\jre1.4.2_04\bin\client\jvm.dll

NOTE: We are unable to locate the function name symbol for the error
      just occurred. Please refer to release documentation for possible
      reason and solutions.


Current Java thread:
	at sun.awt.windows.WToolkit.eventLoop(Native Method)
	at sun.awt.windows.WToolkit.run(Unknown Source)
	at java.lang.Thread.run(Unknown Source)

Dynamic libraries:
0x00400000 - 0x004D8000 	C:\MATLAB701\bin\win32\matlab.exe
0x7BC10000 - 0x7BCB9000 	C:\windows\system32\ntdll.dll
0x7B810000 - 0x7B98C000 	C:\windows\system32\KERNEL32.dll
0x787D0000 - 0x787DE000 	C:\MATLAB701\bin\win32\libmex.dll
0x78790000 - 0x787C8000 	C:\MATLAB701\bin\win32\libmx.dll
0x78500000 - 0x78576000 	C:\MATLAB701\bin\win32\icuuc24.dll
0x78430000 - 0x78435000 	C:\MATLAB701\bin\win32\icudt24l.dll
0x7C340000 - 0x7C396000 	C:\MATLAB701\bin\win32\MSVCR71.dll
0x786E0000 - 0x786F2000 	C:\MATLAB701\bin\win32\libz.dll
0x7ED80000 - 0x7EDFB000 	C:\windows\system32\msvcrt.dll
0x78700000 - 0x7878D000 	C:\MATLAB701\bin\win32\libut.dll
0x7EFF0000 - 0x7F000000 	C:\windows\system32\imagehlp.dll
0x7ED20000 - 0x7ED6F000 	C:\windows\system32\dbghelp.dll
0x7ED00000 - 0x7ED14000 	C:\windows\system32\psapi.dll
0x78440000 - 0x784C2000 	C:\MATLAB701\bin\win32\icuin24.dll
0x784D0000 - 0x784DD000 	C:\MATLAB701\bin\win32\icuio24.dll
0x00230000 - 0x002AB000 	C:\MATLAB701\bin\win32\MSVCP71.dll
0x7ECB0000 - 0x7ECFF000 	C:\windows\system32\advapi32.dll
0x7EBC0000 - 0x7ECA5000 	C:\windows\system32\ole32.dll
0x7EA80000 - 0x7EBA2000 	C:\windows\system32\user32.dll
0x7E9F0000 - 0x7EA70000 	C:\windows\system32\gdi32.dll
0x7E9D0000 - 0x7E9E4000 	C:\windows\system32\version.dll
0x7E960000 - 0x7E9CC000 	C:\windows\system32\rpcrt4.dll
0x7E880000 - 0x7E958000 	C:\windows\system32\oleaut32.dll
0x78F80000 - 0x78FE7000 	C:\MATLAB701\bin\win32\libmwservices.dll
0x78800000 - 0x78815000 	C:\MATLAB701\bin\win32\mpath.dll
0x78930000 - 0x78996000 	C:\MATLAB701\bin\win32\m_dispatcher.dll
0x78580000 - 0x786D6000 	C:\MATLAB701\bin\win32\xerces-c_2_1_0.dll
0x78F60000 - 0x78F71000 	C:\MATLAB701\bin\win32\datasvcs.dll
0x787F0000 - 0x787FE000 	C:\MATLAB701\bin\win32\mvalue.dll
0x787E0000 - 0x787E9000 	C:\MATLAB701\bin\win32\libmat.dll
0x79300000 - 0x7939E000 	C:\MATLAB701\bin\win32\mcr.dll
0x7E790000 - 0x7E86C000 	C:\windows\system32\comdlg32.dll
0x7E5A0000 - 0x7E78B000 	C:\windows\system32\shell32.dll
0x7E540000 - 0x7E591000 	C:\windows\system32\shlwapi.dll
0x7E440000 - 0x7E52F000 	C:\windows\system32\comctl32.dll
0x7E410000 - 0x7E43C000 	C:\windows\system32\winspool.drv
0x79B90000 - 0x79BC6000 	C:\MATLAB701\bin\win32\comcli.dll
0x79030000 - 0x790AB000 	C:\MATLAB701\bin\win32\uiw.dll
0x789A0000 - 0x78C4C000 	C:\MATLAB701\bin\win32\m_interpreter.dll
0x78EC0000 - 0x78ECF000 	C:\MATLAB701\bin\win32\m_pcodeio.dll
0x78EE0000 - 0x78F53000 	C:\MATLAB701\bin\win32\mlib.dll
0x78EA0000 - 0x78EB1000 	C:\MATLAB701\bin\win32\m_pcodegen.dll
0x78E40000 - 0x78E95000 	C:\MATLAB701\bin\win32\m_ir.dll
0x78C50000 - 0x78E3E000 	C:\MATLAB701\bin\win32\m_parser.dll
0x78ED0000 - 0x78EDA000 	C:\MATLAB701\bin\win32\ir_xfmr.dll
0x78820000 - 0x788A7000 	C:\MATLAB701\bin\win32\mcos.dll
0x792D0000 - 0x792FA000 	C:\MATLAB701\bin\win32\libmwhardcopy.dll
0x790E0000 - 0x79156000 	C:\MATLAB701\bin\win32\libmwgui.dll
0x788B0000 - 0x7892E000 	C:\MATLAB701\bin\win32\udd.dll
0x79C10000 - 0x79D38000 	C:\MATLAB701\bin\win32\bridge.dll
0x79160000 - 0x792A4000 	C:\MATLAB701\bin\win32\hg.dll
0x793A0000 - 0x794C5000 	C:\MATLAB701\bin\win32\numerics.dll
0x10000000 - 0x10007000 	C:\MATLAB701\bin\win32\libmwamd.dll
0x79510000 - 0x79596000 	C:\MATLAB701\bin\win32\libfftw3.dll
0x795A0000 - 0x79621000 	C:\MATLAB701\bin\win32\libfftw3f.dll
0x794D0000 - 0x794EC000 	C:\MATLAB701\bin\win32\libmwlapack.dll
0x002B0000 - 0x00305000 	C:\MATLAB701\bin\win32\libmwumfpackv4.3.dll
0x790B0000 - 0x790CC000 	C:\MATLAB701\bin\win32\libuij.dll
0x79B60000 - 0x79B8C000 	C:\MATLAB701\bin\win32\jmi.dll
0x7C140000 - 0x7C243000 	C:\MATLAB701\bin\win32\MFC71.DLL
0x79B00000 - 0x79B52000 	C:\MATLAB701\bin\win32\udd_mi.dll
0x7E3E0000 - 0x7E405000 	C:\windows\system32\netapi32.dll
0x7E3C0000 - 0x7E3DD000 	C:\windows\system32\iphlpapi.dll
0x7E3A0000 - 0x7E3BD000 	C:\windows\system32\ws2_32.dll
0x790D0000 - 0x790D5000 	C:\MATLAB701\bin\win32\uinone.dll
0x79BD0000 - 0x79BD9000 	C:\MATLAB701\bin\win32\mlautoregister.dll
0x79AE0000 - 0x79AF1000 	C:\MATLAB701\bin\win32\mwoles05.dll
0x7E0C0000 - 0x7E15B000 	C:\windows\system32\winex11.drv
0x7DF20000 - 0x7DF3E000 	C:\windows\system32\imm32.dll
0x7DED0000 - 0x7DEF9000 	C:\windows\system32\uxtheme.dll
0x7DE70000 - 0x7DE8C000 	C:\windows\system32\localspl.dll
0x7D8A0000 - 0x7D8B8000 	C:\windows\system32\spoolss.dll
0x794F0000 - 0x79508000 	C:\MATLAB701\bin\win32\mkl.dll
0x79630000 - 0x79A84000 	C:\MATLAB701\bin\win32\lapack.dll
0x7C040000 - 0x7C0B5000 	C:\MATLAB701\bin\win32\DFORRT.dll
0x7C300000 - 0x7C30E000 	C:\MATLAB701\bin\win32\MFC71ENU.DLL
0x78100000 - 0x78238000 	C:\MATLAB701\sys\java\jre\win32\jre1.4.2_04\bin\client\jvm.dll
0xB7410000 - 0xB74A0000 	C:\windows\system32\winmm.dll
0x78240000 - 0x78247000 	C:\MATLAB701\sys\java\jre\win32\jre1.4.2_04\bin\hpi.dll
0x78250000 - 0x7825E000 	C:\MATLAB701\sys\java\jre\win32\jre1.4.2_04\bin\verify.dll
0x78260000 - 0x78279000 	C:\MATLAB701\sys\java\jre\win32\jre1.4.2_04\bin\java.dll
0x78280000 - 0x7828D000 	C:\MATLAB701\sys\java\jre\win32\jre1.4.2_04\bin\zip.dll
0x78290000 - 0x7839F000 	C:\MATLAB701\sys\java\jre\win32\jre1.4.2_04\bin\awt.dll
0x783E0000 - 0x78430000 	C:\MATLAB701\sys\java\jre\win32\jre1.4.2_04\bin\fontmanager.dll
0x79D40000 - 0x79D52000 	C:\MATLAB701\bin\win32\jmi_mi.dll
0x00350000 - 0x0035A000 	C:\MATLAB701\bin\win32\nativejava.dll
0x7A800000 - 0x7A807000 	C:\MATLAB701\bin\win32\nativelex.dll
0x78FF0000 - 0x7902F000 	C:\MATLAB701\bin\win32\libmwbuiltins.dll
0x10890000 - 0x10B98000 	C:\MATLAB701\bin\win32\mkl_p3.dll
0x7BD80000 - 0x7BDB3000 	C:\MATLAB701\bin\win32\libguide40.dll
0x0E7D0000 - 0x0E82A000 	C:\MATLAB701\toolbox\daq\daq\daqmex.dll
0x0E830000 - 0x0E835000 	C:\MATLAB701\toolbox\matlab\datatypes\cellfun.dll
0x7A810000 - 0x7A815000 	C:\MATLAB701\bin\win32\nativehg.dll
0x02640000 - 0x02646000 	C:\MATLAB701\toolbox\matlab\polyfun\private\qhullmx.dll
0x02650000 - 0x02685000 	C:\MATLAB701\bin\win32\libmwqhull.dll
0x028F0000 - 0x0290E000 	C:\MATLAB701\bin\win32\glren.dll
0xB6D70000 - 0xB6E00000 	C:\windows\system32\opengl32.dll
0xB6D40000 - 0xB6D4E000 	C:\windows\system32\glu32.dll
0x783A0000 - 0x783A5000 	C:\MATLAB701\sys\java\jre\win32\jre1.4.2_04\bin\jawt.dll

Heap at VM Abort:
Heap
 def new generation   total 2624K, used 1569K [0x04ac0000, 0x04d90000, 0x053e0000)
  eden space 2368K,  62% used [0x04ac0000, 0x04c33c00, 0x04d10000)
  from space 256K,  32% used [0x04d10000, 0x04d24800, 0x04d50000)
  to   space 256K,   0% used [0x04d50000, 0x04d50000, 0x04d90000)
 tenured generation   total 16980K, used 10801K [0x053e0000, 0x06475000, 0x08ac0000)
   the space 16980K,  63% used [0x053e0000, 0x05e6c7f0, 0x05e6c800, 0x06475000)
 compacting perm gen  total 15104K, used 14998K [0x08ac0000, 0x09980000, 0x0cac0000)
   the space 15104K,  99% used [0x08ac0000, 0x09965848, 0x09965a00, 0x09980000)

Local Time = Mon Feb 21 16:20:49 2011
Elapsed Time = 143
#
# HotSpot Virtual Machine Error : EXCEPTION_ACCESS_VIOLATION
# Error ID : 4F530E43505002EF
# Please report this error at
# http://java.sun.com/cgi-bin/bugreport.cgi
#
# Java VM: Java HotSpot(TM) Client VM (1.4.2_04-b05 mixed mode)
#
